app/build/intermediates/manifest_merge_blame_file/debug/manifest-merger-blame-debug-report.txt
1<?xml version="1.0" encoding="utf-8"?>
2<manifest xmlns:android="http://schemas.android.com/apk/res/android"
3    package="gujiakai.lindots"
4    android:versionCode="1"
5    android:versionName="2.1.4-beta-music_change" >
6
7    <uses-sdk
8        android:minSdkVersion="16"
8-->src\main\AndroidManifest.xml
9        android:targetSdkVersion="29" />
9-->src\main\AndroidManifest.xml
10
11    <application
11-->src\main\AndroidManifest.xml:3:5-40:19
12        android:allowBackup="true"
12-->src\main\AndroidManifest.xml:4:9-35
13        android:appComponentFactory="androidx.core.app.CoreComponentFactory"
13-->[androidx.core:core:1.0.1] AndroidManifest.xml:22:18-86
14        android:debuggable="true"
15        android:hardwareAccelerated="true"
15-->src\main\AndroidManifest.xml:5:9-43
16        android:icon="@mipmap/ic_launcher"
16-->src\main\AndroidManifest.xml:6:9-43
17        android:label="@string/app_name"
17-->src\main\AndroidManifest.xml:7:9-41
18        android:theme="@android:style/Theme.Light.NoTitleBar" >
18-->src\main\AndroidManifest.xml:8:9-62
19        <activity
19-->src\main\AndroidManifest.xml:10:9-19:20
20            android:name="gujiakai.dotsline.shitu.zhuyaodonzuo"
20-->src\main\AndroidManifest.xml:11:13-64
21            android:label="@string/title_activity_main"
21-->src\main\AndroidManifest.xml:12:13-56
22            android:screenOrientation="portrait" >
22-->src\main\AndroidManifest.xml:13:13-49
23            <intent-filter>
23-->src\main\AndroidManifest.xml:14:13-18:29
24                <action android:name="android.intent.action.MAIN" />
24-->src\main\AndroidManifest.xml:15:17-69
24-->src\main\AndroidManifest.xml:15:25-66
25
26                <category android:name="android.intent.category.LAUNCHER" />
26-->src\main\AndroidManifest.xml:17:17-77
26-->src\main\AndroidManifest.xml:17:27-74
27            </intent-filter>
28        </activity>
29        <activity
29-->src\main\AndroidManifest.xml:20:9-24:20
30            android:name="gujiakai.dotsline.shitu.shuangren"
30-->src\main\AndroidManifest.xml:21:13-61
31            android:label="@string/title_activity_board"
31-->src\main\AndroidManifest.xml:22:13-57
32            android:screenOrientation="portrait" >
32-->src\main\AndroidManifest.xml:23:13-49
33        </activity>
34        <activity
34-->src\main\AndroidManifest.xml:25:9-29:20
35            android:name="gujiakai.dotsline.shitu.bangzhu"
35-->src\main\AndroidManifest.xml:26:13-59
36            android:label="@string/title_activity_help"
36-->src\main\AndroidManifest.xml:27:13-56
37            android:screenOrientation="portrait" >
37-->src\main\AndroidManifest.xml:28:13-49
38        </activity>
39        <activity
39-->src\main\AndroidManifest.xml:30:9-34:20
40            android:name="gujiakai.dotsline.shitu.danren"
40-->src\main\AndroidManifest.xml:31:13-58
41            android:label="@string/title_activity_single"
41-->src\main\AndroidManifest.xml:32:13-58
42            android:screenOrientation="portrait" >
42-->src\main\AndroidManifest.xml:33:13-49
43        </activity>
44        <activity
44-->src\main\AndroidManifest.xml:35:9-39:20
45            android:name="gujiakai.dotsline.shitu.shenyinshezhi"
45-->src\main\AndroidManifest.xml:36:13-65
46            android:label="@string/title_activity_sound"
46-->src\main\AndroidManifest.xml:37:13-57
47            android:screenOrientation="portrait" >
47-->src\main\AndroidManifest.xml:38:13-49
48        </activity>
49    </application>
50
51</manifest>